2024/05/07 22:59:58 [notice] 1#1: using the "epoll" event method
2024/05/07 22:59:58 [notice] 1#1: nginx/1.26.0
2024/05/07 22:59:58 [notice] 1#1: built by gcc 13.2.1 20231014 (Alpine 13.2.1_git20231014) 
2024/05/07 22:59:58 [notice] 1#1: OS: Linux 6.5.0-28-generic
2024/05/07 22:59:58 [notice] 1#1: getrlimit(RLIMIT_NOFILE): 1048576:1048576
2024/05/07 22:59:58 [notice] 1#1: start worker processes
2024/05/07 22:59:58 [notice] 1#1: start worker process 20
2024/05/07 22:59:58 [notice] 1#1: start worker process 21
2024/05/07 22:59:58 [notice] 1#1: start worker process 22
2024/05/07 22:59:58 [notice] 1#1: start worker process 23
2024/05/07 22:59:58 [notice] 1#1: start worker process 24
2024/05/07 22:59:58 [notice] 1#1: start worker process 25
2024/05/07 22:59:58 [notice] 1#1: start worker process 26
2024/05/07 22:59:58 [notice] 1#1: start worker process 27
2024/05/07 23:01:16 [notice] 1#1: signal 3 (SIGQUIT) received, shutting down
2024/05/07 23:01:16 [notice] 20#20: gracefully shutting down
2024/05/07 23:01:16 [notice] 22#22: gracefully shutting down
2024/05/07 23:01:16 [notice] 23#23: gracefully shutting down
2024/05/07 23:01:16 [notice] 25#25: gracefully shutting down
2024/05/07 23:01:16 [notice] 20#20: exiting
2024/05/07 23:01:16 [notice] 22#22: exiting
2024/05/07 23:01:16 [notice] 23#23: exiting
2024/05/07 23:01:16 [notice] 25#25: exiting
2024/05/07 23:01:16 [notice] 22#22: exit
2024/05/07 23:01:16 [notice] 20#20: exit
2024/05/07 23:01:16 [notice] 23#23: exit
2024/05/07 23:01:16 [notice] 25#25: exit
2024/05/07 23:01:16 [notice] 27#27: gracefully shutting down
2024/05/07 23:01:16 [notice] 27#27: exiting
2024/05/07 23:01:16 [notice] 27#27: exit
2024/05/07 23:01:16 [notice] 26#26: gracefully shutting down
2024/05/07 23:01:16 [notice] 21#21: gracefully shutting down
2024/05/07 23:01:16 [notice] 24#24: gracefully shutting down
2024/05/07 23:01:16 [notice] 26#26: exiting
2024/05/07 23:01:16 [notice] 21#21: exiting
2024/05/07 23:01:16 [notice] 24#24: exiting
2024/05/07 23:01:16 [notice] 26#26: exit
2024/05/07 23:01:16 [notice] 21#21: exit
2024/05/07 23:01:16 [notice] 24#24: exit
2024/05/07 23:01:16 [notice] 1#1: signal 17 (SIGCHLD) received from 27
2024/05/07 23:01:16 [notice] 1#1: worker process 27 exited with code 0
2024/05/07 23:01:16 [notice] 1#1: signal 29 (SIGIO) received
2024/05/07 23:01:16 [notice] 1#1: signal 17 (SIGCHLD) received from 23
2024/05/07 23:01:16 [notice] 1#1: worker process 20 exited with code 0
2024/05/07 23:01:16 [notice] 1#1: worker process 23 exited with code 0
2024/05/07 23:01:16 [notice] 1#1: signal 29 (SIGIO) received
2024/05/07 23:01:16 [notice] 1#1: signal 17 (SIGCHLD) received from 24
2024/05/07 23:01:16 [notice] 1#1: worker process 22 exited with code 0
2024/05/07 23:01:16 [notice] 1#1: worker process 24 exited with code 0
2024/05/07 23:01:16 [notice] 1#1: worker process 26 exited with code 0
2024/05/07 23:01:16 [notice] 1#1: signal 29 (SIGIO) received
2024/05/07 23:01:16 [notice] 1#1: signal 17 (SIGCHLD) received from 22
2024/05/07 23:01:16 [notice] 1#1: signal 17 (SIGCHLD) received from 21
2024/05/07 23:01:16 [notice] 1#1: worker process 21 exited with code 0
2024/05/07 23:01:16 [notice] 1#1: signal 29 (SIGIO) received
2024/05/07 23:01:16 [notice] 1#1: signal 17 (SIGCHLD) received from 25
2024/05/07 23:01:16 [notice] 1#1: worker process 25 exited with code 0
2024/05/07 23:01:16 [notice] 1#1: exit
2024/05/07 23:12:07 [notice] 1#1: using the "epoll" event method
2024/05/07 23:12:07 [notice] 1#1: nginx/1.26.0
2024/05/07 23:12:07 [notice] 1#1: built by gcc 13.2.1 20231014 (Alpine 13.2.1_git20231014) 
2024/05/07 23:12:07 [notice] 1#1: OS: Linux 6.5.0-28-generic
2024/05/07 23:12:07 [notice] 1#1: getrlimit(RLIMIT_NOFILE): 1048576:1048576
2024/05/07 23:12:07 [notice] 1#1: start worker processes
2024/05/07 23:12:07 [notice] 1#1: start worker process 20
2024/05/07 23:12:07 [notice] 1#1: start worker process 21
2024/05/07 23:12:07 [notice] 1#1: start worker process 22
2024/05/07 23:12:07 [notice] 1#1: start worker process 23
2024/05/07 23:12:07 [notice] 1#1: start worker process 24
2024/05/07 23:12:07 [notice] 1#1: start worker process 25
2024/05/07 23:12:07 [notice] 1#1: start worker process 26
2024/05/07 23:12:07 [notice] 1#1: start worker process 27
2024/05/07 23:19:41 [notice] 1#1: signal 3 (SIGQUIT) received, shutting down
2024/05/07 23:19:41 [notice] 21#21: gracefully shutting down
2024/05/07 23:19:41 [notice] 20#20: gracefully shutting down
2024/05/07 23:19:41 [notice] 21#21: exiting
2024/05/07 23:19:41 [notice] 22#22: gracefully shutting down
2024/05/07 23:19:41 [notice] 20#20: exiting
2024/05/07 23:19:41 [notice] 22#22: exiting
2024/05/07 23:19:41 [notice] 21#21: exit
2024/05/07 23:19:41 [notice] 20#20: exit
2024/05/07 23:19:41 [notice] 22#22: exit
2024/05/07 23:19:41 [notice] 23#23: gracefully shutting down
2024/05/07 23:19:41 [notice] 23#23: exiting
2024/05/07 23:19:41 [notice] 23#23: exit
2024/05/07 23:19:41 [notice] 27#27: gracefully shutting down
2024/05/07 23:19:41 [notice] 27#27: exiting
2024/05/07 23:19:41 [notice] 24#24: gracefully shutting down
2024/05/07 23:19:41 [notice] 24#24: exiting
2024/05/07 23:19:41 [notice] 27#27: exit
2024/05/07 23:19:41 [notice] 24#24: exit
2024/05/07 23:19:41 [notice] 25#25: gracefully shutting down
2024/05/07 23:19:41 [notice] 25#25: exiting
2024/05/07 23:19:41 [notice] 25#25: exit
2024/05/07 23:19:41 [notice] 26#26: gracefully shutting down
2024/05/07 23:19:41 [notice] 26#26: exiting
2024/05/07 23:19:41 [notice] 26#26: exit
2024/05/07 23:19:41 [notice] 1#1: signal 17 (SIGCHLD) received from 20
2024/05/07 23:19:41 [notice] 1#1: worker process 20 exited with code 0
2024/05/07 23:19:41 [notice] 1#1: worker process 27 exited with code 0
2024/05/07 23:19:41 [notice] 1#1: signal 29 (SIGIO) received
2024/05/07 23:19:41 [notice] 1#1: signal 17 (SIGCHLD) received from 27
2024/05/07 23:19:41 [notice] 1#1: signal 17 (SIGCHLD) received from 22
2024/05/07 23:19:41 [notice] 1#1: worker process 22 exited with code 0
2024/05/07 23:19:41 [notice] 1#1: worker process 23 exited with code 0
2024/05/07 23:19:41 [notice] 1#1: worker process 25 exited with code 0
2024/05/07 23:19:41 [notice] 1#1: signal 29 (SIGIO) received
2024/05/07 23:19:41 [notice] 1#1: signal 17 (SIGCHLD) received from 26
2024/05/07 23:19:41 [notice] 1#1: worker process 24 exited with code 0
2024/05/07 23:19:41 [notice] 1#1: worker process 26 exited with code 0
2024/05/07 23:19:41 [notice] 1#1: worker process 21 exited with code 0
2024/05/07 23:19:41 [notice] 1#1: exit
2024/05/07 23:19:47 [notice] 1#1: using the "epoll" event method
2024/05/07 23:19:47 [notice] 1#1: nginx/1.26.0
2024/05/07 23:19:47 [notice] 1#1: built by gcc 13.2.1 20231014 (Alpine 13.2.1_git20231014) 
2024/05/07 23:19:47 [notice] 1#1: OS: Linux 6.5.0-28-generic
2024/05/07 23:19:47 [notice] 1#1: getrlimit(RLIMIT_NOFILE): 1048576:1048576
2024/05/07 23:19:47 [notice] 1#1: start worker processes
2024/05/07 23:19:47 [notice] 1#1: start worker process 29
2024/05/07 23:19:47 [notice] 1#1: start worker process 30
2024/05/07 23:19:47 [notice] 1#1: start worker process 31
2024/05/07 23:19:47 [notice] 1#1: start worker process 32
2024/05/07 23:19:47 [notice] 1#1: start worker process 33
2024/05/07 23:19:47 [notice] 1#1: start worker process 34
2024/05/07 23:19:47 [notice] 1#1: start worker process 35
2024/05/07 23:19:47 [notice] 1#1: start worker process 36
2024/05/07 23:25:03 [notice] 1#1: signal 3 (SIGQUIT) received, shutting down
2024/05/07 23:25:03 [notice] 30#30: gracefully shutting down
2024/05/07 23:25:03 [notice] 29#29: gracefully shutting down
2024/05/07 23:25:03 [notice] 30#30: exiting
2024/05/07 23:25:03 [notice] 29#29: exiting
2024/05/07 23:25:03 [notice] 30#30: exit
2024/05/07 23:25:03 [notice] 29#29: exit
2024/05/07 23:25:03 [notice] 32#32: gracefully shutting down
2024/05/07 23:25:03 [notice] 32#32: exiting
2024/05/07 23:25:03 [notice] 32#32: exit
2024/05/07 23:25:03 [notice] 33#33: gracefully shutting down
2024/05/07 23:25:03 [notice] 34#34: gracefully shutting down
2024/05/07 23:25:03 [notice] 33#33: exiting
2024/05/07 23:25:03 [notice] 34#34: exiting
2024/05/07 23:25:03 [notice] 33#33: exit
2024/05/07 23:25:03 [notice] 34#34: exit
2024/05/07 23:25:03 [notice] 31#31: gracefully shutting down
2024/05/07 23:25:03 [notice] 31#31: exiting
2024/05/07 23:25:03 [notice] 36#36: gracefully shutting down
2024/05/07 23:25:03 [notice] 36#36: exiting
2024/05/07 23:25:03 [notice] 31#31: exit
2024/05/07 23:25:03 [notice] 36#36: exit
2024/05/07 23:25:03 [notice] 35#35: gracefully shutting down
2024/05/07 23:25:03 [notice] 35#35: exiting
2024/05/07 23:25:03 [notice] 35#35: exit
2024/05/07 23:25:04 [notice] 1#1: signal 17 (SIGCHLD) received from 29
2024/05/07 23:25:04 [notice] 1#1: worker process 29 exited with code 0
2024/05/07 23:25:04 [notice] 1#1: signal 29 (SIGIO) received
2024/05/07 23:25:04 [notice] 1#1: signal 17 (SIGCHLD) received from 33
2024/05/07 23:25:04 [notice] 1#1: worker process 33 exited with code 0
2024/05/07 23:25:04 [notice] 1#1: signal 29 (SIGIO) received
2024/05/07 23:25:04 [notice] 1#1: signal 17 (SIGCHLD) received from 30
2024/05/07 23:25:04 [notice] 1#1: worker process 30 exited with code 0
2024/05/07 23:25:04 [notice] 1#1: worker process 34 exited with code 0
2024/05/07 23:25:04 [notice] 1#1: signal 29 (SIGIO) received
2024/05/07 23:25:04 [notice] 1#1: signal 17 (SIGCHLD) received from 34
2024/05/07 23:25:04 [notice] 1#1: signal 17 (SIGCHLD) received from 32
2024/05/07 23:25:04 [notice] 1#1: worker process 32 exited with code 0
2024/05/07 23:25:04 [notice] 1#1: signal 29 (SIGIO) received
2024/05/07 23:25:04 [notice] 1#1: signal 17 (SIGCHLD) received from 36
2024/05/07 23:25:04 [notice] 1#1: worker process 35 exited with code 0
2024/05/07 23:25:04 [notice] 1#1: worker process 31 exited with code 0
2024/05/07 23:25:04 [notice] 1#1: worker process 36 exited with code 0
2024/05/07 23:25:04 [notice] 1#1: exit
2024/05/07 23:25:26 [notice] 1#1: using the "epoll" event method
2024/05/07 23:25:26 [notice] 1#1: nginx/1.26.0
2024/05/07 23:25:26 [notice] 1#1: built by gcc 13.2.1 20231014 (Alpine 13.2.1_git20231014) 
2024/05/07 23:25:26 [notice] 1#1: OS: Linux 6.5.0-28-generic
2024/05/07 23:25:26 [notice] 1#1: getrlimit(RLIMIT_NOFILE): 1048576:1048576
2024/05/07 23:25:26 [notice] 1#1: start worker processes
2024/05/07 23:25:26 [notice] 1#1: start worker process 29
2024/05/07 23:25:26 [notice] 1#1: start worker process 30
2024/05/07 23:25:26 [notice] 1#1: start worker process 31
2024/05/07 23:25:26 [notice] 1#1: start worker process 32
2024/05/07 23:25:26 [notice] 1#1: start worker process 33
2024/05/07 23:25:26 [notice] 1#1: start worker process 34
2024/05/07 23:25:26 [notice] 1#1: start worker process 35
2024/05/07 23:25:26 [notice] 1#1: start worker process 36
2024/05/07 23:25:45 [notice] 1#1: signal 3 (SIGQUIT) received, shutting down
2024/05/07 23:25:45 [notice] 30#30: gracefully shutting down
2024/05/07 23:25:45 [notice] 29#29: gracefully shutting down
2024/05/07 23:25:45 [notice] 30#30: exiting
2024/05/07 23:25:45 [notice] 29#29: exiting
2024/05/07 23:25:45 [notice] 29#29: exit
2024/05/07 23:25:45 [notice] 30#30: exit
2024/05/07 23:25:45 [notice] 31#31: gracefully shutting down
2024/05/07 23:25:45 [notice] 31#31: exiting
2024/05/07 23:25:45 [notice] 33#33: gracefully shutting down
2024/05/07 23:25:45 [notice] 33#33: exiting
2024/05/07 23:25:45 [notice] 35#35: gracefully shutting down
2024/05/07 23:25:45 [notice] 35#35: exiting
2024/05/07 23:25:45 [notice] 32#32: gracefully shutting down
2024/05/07 23:25:45 [notice] 32#32: exiting
2024/05/07 23:25:45 [notice] 34#34: gracefully shutting down
2024/05/07 23:25:45 [notice] 34#34: exiting
2024/05/07 23:25:45 [notice] 34#34: exit
2024/05/07 23:25:45 [notice] 36#36: gracefully shutting down
2024/05/07 23:25:45 [notice] 36#36: exiting
2024/05/07 23:25:45 [notice] 36#36: exit
2024/05/07 23:25:45 [notice] 31#31: exit
2024/05/07 23:25:45 [notice] 33#33: exit
2024/05/07 23:25:45 [notice] 35#35: exit
2024/05/07 23:25:45 [notice] 32#32: exit
2024/05/07 23:25:45 [notice] 1#1: signal 17 (SIGCHLD) received from 36
2024/05/07 23:25:45 [notice] 1#1: worker process 30 exited with code 0
2024/05/07 23:25:45 [notice] 1#1: worker process 33 exited with code 0
2024/05/07 23:25:45 [notice] 1#1: worker process 34 exited with code 0
2024/05/07 23:25:45 [notice] 1#1: worker process 36 exited with code 0
2024/05/07 23:25:45 [notice] 1#1: signal 29 (SIGIO) received
2024/05/07 23:25:45 [notice] 1#1: signal 17 (SIGCHLD) received from 33
2024/05/07 23:25:45 [notice] 1#1: worker process 29 exited with code 0
2024/05/07 23:25:45 [notice] 1#1: signal 29 (SIGIO) received
2024/05/07 23:25:45 [notice] 1#1: signal 17 (SIGCHLD) received from 31
2024/05/07 23:25:45 [notice] 1#1: worker process 31 exited with code 0
2024/05/07 23:25:45 [notice] 1#1: signal 29 (SIGIO) received
2024/05/07 23:25:45 [notice] 1#1: signal 17 (SIGCHLD) received from 35
2024/05/07 23:25:45 [notice] 1#1: worker process 35 exited with code 0
2024/05/07 23:25:45 [notice] 1#1: signal 29 (SIGIO) received
2024/05/07 23:25:45 [notice] 1#1: signal 17 (SIGCHLD) received from 32
2024/05/07 23:25:45 [notice] 1#1: worker process 32 exited with code 0
2024/05/07 23:25:45 [notice] 1#1: exit
2024/05/07 23:25:49 [notice] 1#1: using the "epoll" event method
2024/05/07 23:25:49 [notice] 1#1: nginx/1.26.0
2024/05/07 23:25:49 [notice] 1#1: built by gcc 13.2.1 20231014 (Alpine 13.2.1_git20231014) 
2024/05/07 23:25:49 [notice] 1#1: OS: Linux 6.5.0-28-generic
2024/05/07 23:25:49 [notice] 1#1: getrlimit(RLIMIT_NOFILE): 1048576:1048576
2024/05/07 23:25:49 [notice] 1#1: start worker processes
2024/05/07 23:25:49 [notice] 1#1: start worker process 29
2024/05/07 23:25:49 [notice] 1#1: start worker process 30
2024/05/07 23:25:49 [notice] 1#1: start worker process 31
2024/05/07 23:25:49 [notice] 1#1: start worker process 32
2024/05/07 23:25:49 [notice] 1#1: start worker process 33
2024/05/07 23:25:49 [notice] 1#1: start worker process 34
2024/05/07 23:25:49 [notice] 1#1: start worker process 35
2024/05/07 23:25:49 [notice] 1#1: start worker process 36
2024/05/07 23:26:20 [notice] 1#1: signal 3 (SIGQUIT) received, shutting down
2024/05/07 23:26:20 [notice] 29#29: gracefully shutting down
2024/05/07 23:26:20 [notice] 30#30: gracefully shutting down
2024/05/07 23:26:20 [notice] 32#32: gracefully shutting down
2024/05/07 23:26:20 [notice] 29#29: exiting
2024/05/07 23:26:20 [notice] 30#30: exiting
2024/05/07 23:26:20 [notice] 32#32: exiting
2024/05/07 23:26:20 [notice] 29#29: exit
2024/05/07 23:26:20 [notice] 30#30: exit
2024/05/07 23:26:20 [notice] 32#32: exit
2024/05/07 23:26:20 [notice] 31#31: gracefully shutting down
2024/05/07 23:26:20 [notice] 31#31: exiting
2024/05/07 23:26:20 [notice] 31#31: exit
2024/05/07 23:26:20 [notice] 35#35: gracefully shutting down
2024/05/07 23:26:20 [notice] 35#35: exiting
2024/05/07 23:26:20 [notice] 35#35: exit
2024/05/07 23:26:20 [notice] 33#33: gracefully shutting down
2024/05/07 23:26:20 [notice] 33#33: exiting
2024/05/07 23:26:20 [notice] 33#33: exit
2024/05/07 23:26:20 [notice] 34#34: gracefully shutting down
2024/05/07 23:26:20 [notice] 34#34: exiting
2024/05/07 23:26:20 [notice] 34#34: exit
2024/05/07 23:26:20 [notice] 36#36: gracefully shutting down
2024/05/07 23:26:20 [notice] 36#36: exiting
2024/05/07 23:26:20 [notice] 36#36: exit
2024/05/07 23:26:20 [notice] 1#1: signal 17 (SIGCHLD) received from 32
2024/05/07 23:26:20 [notice] 1#1: worker process 32 exited with code 0
2024/05/07 23:26:20 [notice] 1#1: signal 29 (SIGIO) received
2024/05/07 23:26:20 [notice] 1#1: signal 17 (SIGCHLD) received from 35
2024/05/07 23:26:20 [notice] 1#1: worker process 29 exited with code 0
2024/05/07 23:26:20 [notice] 1#1: worker process 34 exited with code 0
2024/05/07 23:26:20 [notice] 1#1: worker process 35 exited with code 0
2024/05/07 23:26:20 [notice] 1#1: signal 29 (SIGIO) received
2024/05/07 23:26:20 [notice] 1#1: signal 17 (SIGCHLD) received from 36
2024/05/07 23:26:20 [notice] 1#1: worker process 30 exited with code 0
2024/05/07 23:26:20 [notice] 1#1: worker process 31 exited with code 0
2024/05/07 23:26:20 [notice] 1#1: worker process 33 exited with code 0
2024/05/07 23:26:20 [notice] 1#1: worker process 36 exited with code 0
2024/05/07 23:26:20 [notice] 1#1: exit
2024/05/07 23:26:25 [notice] 1#1: using the "epoll" event method
2024/05/07 23:26:25 [notice] 1#1: nginx/1.26.0
2024/05/07 23:26:25 [notice] 1#1: built by gcc 13.2.1 20231014 (Alpine 13.2.1_git20231014) 
2024/05/07 23:26:25 [notice] 1#1: OS: Linux 6.5.0-28-generic
2024/05/07 23:26:25 [notice] 1#1: getrlimit(RLIMIT_NOFILE): 1048576:1048576
2024/05/07 23:26:25 [notice] 1#1: start worker processes
2024/05/07 23:26:25 [notice] 1#1: start worker process 29
2024/05/07 23:26:25 [notice] 1#1: start worker process 30
2024/05/07 23:26:25 [notice] 1#1: start worker process 31
2024/05/07 23:26:25 [notice] 1#1: start worker process 32
2024/05/07 23:26:25 [notice] 1#1: start worker process 33
2024/05/07 23:26:25 [notice] 1#1: start worker process 34
2024/05/07 23:26:25 [notice] 1#1: start worker process 35
2024/05/07 23:26:25 [notice] 1#1: start worker process 36
2024/05/07 23:30:51 [notice] 1#1: signal 3 (SIGQUIT) received, shutting down
2024/05/07 23:30:51 [notice] 32#32: gracefully shutting down
2024/05/07 23:30:51 [notice] 29#29: gracefully shutting down
2024/05/07 23:30:51 [notice] 32#32: exiting
2024/05/07 23:30:51 [notice] 29#29: exiting
2024/05/07 23:30:51 [notice] 30#30: gracefully shutting down
2024/05/07 23:30:51 [notice] 32#32: exit
2024/05/07 23:30:51 [notice] 29#29: exit
2024/05/07 23:30:51 [notice] 30#30: exiting
2024/05/07 23:30:51 [notice] 31#31: gracefully shutting down
2024/05/07 23:30:51 [notice] 31#31: exiting
2024/05/07 23:30:51 [notice] 33#33: gracefully shutting down
2024/05/07 23:30:51 [notice] 33#33: exiting
2024/05/07 23:30:51 [notice] 31#31: exit
2024/05/07 23:30:51 [notice] 36#36: gracefully shutting down
2024/05/07 23:30:51 [notice] 36#36: exiting
2024/05/07 23:30:51 [notice] 33#33: exit
2024/05/07 23:30:51 [notice] 36#36: exit
2024/05/07 23:30:51 [notice] 30#30: exit
2024/05/07 23:30:51 [notice] 34#34: gracefully shutting down
2024/05/07 23:30:51 [notice] 34#34: exiting
2024/05/07 23:30:51 [notice] 35#35: gracefully shutting down
2024/05/07 23:30:51 [notice] 35#35: exiting
2024/05/07 23:30:51 [notice] 34#34: exit
2024/05/07 23:30:51 [notice] 35#35: exit
2024/05/07 23:30:51 [notice] 1#1: signal 17 (SIGCHLD) received from 36
2024/05/07 23:30:51 [notice] 1#1: worker process 36 exited with code 0
2024/05/07 23:30:51 [notice] 1#1: signal 29 (SIGIO) received
2024/05/07 23:30:51 [notice] 1#1: signal 17 (SIGCHLD) received from 32
2024/05/07 23:30:51 [notice] 1#1: worker process 32 exited with code 0
2024/05/07 23:30:51 [notice] 1#1: signal 29 (SIGIO) received
2024/05/07 23:30:51 [notice] 1#1: signal 17 (SIGCHLD) received from 29
2024/05/07 23:30:51 [notice] 1#1: worker process 29 exited with code 0
2024/05/07 23:30:51 [notice] 1#1: signal 29 (SIGIO) received
2024/05/07 23:30:51 [notice] 1#1: signal 17 (SIGCHLD) received from 35
2024/05/07 23:30:51 [notice] 1#1: worker process 35 exited with code 0
2024/05/07 23:30:51 [notice] 1#1: signal 29 (SIGIO) received
2024/05/07 23:30:51 [notice] 1#1: signal 17 (SIGCHLD) received from 30
2024/05/07 23:30:51 [notice] 1#1: worker process 30 exited with code 0
2024/05/07 23:30:51 [notice] 1#1: signal 29 (SIGIO) received
2024/05/07 23:30:51 [notice] 1#1: signal 17 (SIGCHLD) received from 34
2024/05/07 23:30:51 [notice] 1#1: worker process 31 exited with code 0
2024/05/07 23:30:51 [notice] 1#1: worker process 34 exited with code 0
2024/05/07 23:30:51 [notice] 1#1: signal 29 (SIGIO) received
2024/05/07 23:30:51 [notice] 1#1: signal 17 (SIGCHLD) received from 33
2024/05/07 23:30:51 [notice] 1#1: worker process 33 exited with code 0
2024/05/07 23:30:51 [notice] 1#1: exit
2024/05/07 23:30:56 [notice] 1#1: using the "epoll" event method
2024/05/07 23:30:56 [notice] 1#1: nginx/1.26.0
2024/05/07 23:30:56 [notice] 1#1: built by gcc 13.2.1 20231014 (Alpine 13.2.1_git20231014) 
2024/05/07 23:30:56 [notice] 1#1: OS: Linux 6.5.0-28-generic
2024/05/07 23:30:56 [notice] 1#1: getrlimit(RLIMIT_NOFILE): 1048576:1048576
2024/05/07 23:30:56 [notice] 1#1: start worker processes
2024/05/07 23:30:56 [notice] 1#1: start worker process 29
2024/05/07 23:30:56 [notice] 1#1: start worker process 30
2024/05/07 23:30:56 [notice] 1#1: start worker process 31
2024/05/07 23:30:56 [notice] 1#1: start worker process 32
2024/05/07 23:30:56 [notice] 1#1: start worker process 33
2024/05/07 23:30:56 [notice] 1#1: start worker process 34
2024/05/07 23:30:56 [notice] 1#1: start worker process 35
2024/05/07 23:30:56 [notice] 1#1: start worker process 36
2024/05/07 23:33:03 [notice] 1#1: signal 3 (SIGQUIT) received, shutting down
2024/05/07 23:33:03 [notice] 30#30: gracefully shutting down
2024/05/07 23:33:03 [notice] 30#30: exiting
2024/05/07 23:33:03 [notice] 29#29: gracefully shutting down
2024/05/07 23:33:03 [notice] 29#29: exiting
2024/05/07 23:33:03 [notice] 30#30: exit
2024/05/07 23:33:03 [notice] 29#29: exit
2024/05/07 23:33:03 [notice] 36#36: gracefully shutting down
2024/05/07 23:33:03 [notice] 36#36: exiting
2024/05/07 23:33:03 [notice] 36#36: exit
2024/05/07 23:33:03 [notice] 31#31: gracefully shutting down
2024/05/07 23:33:03 [notice] 31#31: exiting
2024/05/07 23:33:03 [notice] 33#33: gracefully shutting down
2024/05/07 23:33:03 [notice] 33#33: exiting
2024/05/07 23:33:03 [notice] 31#31: exit
2024/05/07 23:33:03 [notice] 32#32: gracefully shutting down
2024/05/07 23:33:03 [notice] 32#32: exiting
2024/05/07 23:33:03 [notice] 33#33: exit
2024/05/07 23:33:03 [notice] 32#32: exit
2024/05/07 23:33:03 [notice] 34#34: gracefully shutting down
2024/05/07 23:33:03 [notice] 35#35: gracefully shutting down
2024/05/07 23:33:03 [notice] 34#34: exiting
2024/05/07 23:33:03 [notice] 35#35: exiting
2024/05/07 23:33:03 [notice] 35#35: exit
2024/05/07 23:33:03 [notice] 34#34: exit
2024/05/07 23:33:03 [notice] 1#1: signal 17 (SIGCHLD) received from 33
2024/05/07 23:33:03 [notice] 1#1: worker process 33 exited with code 0
2024/05/07 23:33:03 [notice] 1#1: worker process 29 exited with code 0
2024/05/07 23:33:03 [notice] 1#1: worker process 30 exited with code 0
2024/05/07 23:33:03 [notice] 1#1: worker process 34 exited with code 0
2024/05/07 23:33:03 [notice] 1#1: worker process 35 exited with code 0
2024/05/07 23:33:03 [notice] 1#1: signal 29 (SIGIO) received
2024/05/07 23:33:03 [notice] 1#1: signal 17 (SIGCHLD) received from 30
2024/05/07 23:33:03 [notice] 1#1: signal 17 (SIGCHLD) received from 32
2024/05/07 23:33:03 [notice] 1#1: worker process 32 exited with code 0
2024/05/07 23:33:03 [notice] 1#1: worker process 31 exited with code 0
2024/05/07 23:33:03 [notice] 1#1: worker process 36 exited with code 0
2024/05/07 23:33:03 [notice] 1#1: exit
2024/05/07 23:33:09 [notice] 1#1: using the "epoll" event method
2024/05/07 23:33:09 [notice] 1#1: nginx/1.26.0
2024/05/07 23:33:09 [notice] 1#1: built by gcc 13.2.1 20231014 (Alpine 13.2.1_git20231014) 
2024/05/07 23:33:09 [notice] 1#1: OS: Linux 6.5.0-28-generic
2024/05/07 23:33:09 [notice] 1#1: getrlimit(RLIMIT_NOFILE): 1048576:1048576
2024/05/07 23:33:09 [notice] 1#1: start worker processes
2024/05/07 23:33:09 [notice] 1#1: start worker process 29
2024/05/07 23:33:09 [notice] 1#1: start worker process 30
2024/05/07 23:33:09 [notice] 1#1: start worker process 31
2024/05/07 23:33:09 [notice] 1#1: start worker process 32
2024/05/07 23:33:09 [notice] 1#1: start worker process 33
2024/05/07 23:33:09 [notice] 1#1: start worker process 34
2024/05/07 23:33:09 [notice] 1#1: start worker process 35
2024/05/07 23:33:09 [notice] 1#1: start worker process 36
2024/05/07 23:34:10 [notice] 1#1: signal 3 (SIGQUIT) received, shutting down
2024/05/07 23:34:10 [notice] 31#31: gracefully shutting down
2024/05/07 23:34:10 [notice] 30#30: gracefully shutting down
2024/05/07 23:34:10 [notice] 31#31: exiting
2024/05/07 23:34:10 [notice] 30#30: exiting
2024/05/07 23:34:10 [notice] 29#29: gracefully shutting down
2024/05/07 23:34:10 [notice] 31#31: exit
2024/05/07 23:34:10 [notice] 29#29: exiting
2024/05/07 23:34:10 [notice] 29#29: exit
2024/05/07 23:34:10 [notice] 30#30: exit
2024/05/07 23:34:10 [notice] 32#32: gracefully shutting down
2024/05/07 23:34:10 [notice] 32#32: exiting
2024/05/07 23:34:10 [notice] 36#36: gracefully shutting down
2024/05/07 23:34:10 [notice] 36#36: exiting
2024/05/07 23:34:10 [notice] 32#32: exit
2024/05/07 23:34:10 [notice] 36#36: exit
2024/05/07 23:34:10 [notice] 34#34: gracefully shutting down
2024/05/07 23:34:10 [notice] 34#34: exiting
2024/05/07 23:34:10 [notice] 34#34: exit
2024/05/07 23:34:10 [notice] 33#33: gracefully shutting down
2024/05/07 23:34:10 [notice] 33#33: exiting
2024/05/07 23:34:10 [notice] 33#33: exit
2024/05/07 23:34:10 [notice] 35#35: gracefully shutting down
2024/05/07 23:34:10 [notice] 35#35: exiting
2024/05/07 23:34:10 [notice] 35#35: exit
2024/05/07 23:34:10 [notice] 1#1: signal 17 (SIGCHLD) received from 36
2024/05/07 23:34:10 [notice] 1#1: worker process 32 exited with code 0
2024/05/07 23:34:10 [notice] 1#1: worker process 33 exited with code 0
2024/05/07 23:34:10 [notice] 1#1: worker process 36 exited with code 0
2024/05/07 23:34:10 [notice] 1#1: signal 29 (SIGIO) received
2024/05/07 23:34:10 [notice] 1#1: signal 17 (SIGCHLD) received from 34
2024/05/07 23:34:10 [notice] 1#1: worker process 34 exited with code 0
2024/05/07 23:34:10 [notice] 1#1: signal 29 (SIGIO) received
2024/05/07 23:34:10 [notice] 1#1: signal 17 (SIGCHLD) received from 29
2024/05/07 23:34:10 [notice] 1#1: worker process 29 exited with code 0
2024/05/07 23:34:10 [notice] 1#1: worker process 31 exited with code 0
2024/05/07 23:34:10 [notice] 1#1: worker process 35 exited with code 0
2024/05/07 23:34:10 [notice] 1#1: signal 29 (SIGIO) received
2024/05/07 23:34:10 [notice] 1#1: signal 17 (SIGCHLD) received from 31
2024/05/07 23:34:10 [notice] 1#1: signal 17 (SIGCHLD) received from 30
2024/05/07 23:34:10 [notice] 1#1: worker process 30 exited with code 0
2024/05/07 23:34:10 [notice] 1#1: exit
2024/05/07 23:34:30 [notice] 1#1: using the "epoll" event method
2024/05/07 23:34:30 [notice] 1#1: nginx/1.26.0
2024/05/07 23:34:30 [notice] 1#1: built by gcc 13.2.1 20231014 (Alpine 13.2.1_git20231014) 
2024/05/07 23:34:30 [notice] 1#1: OS: Linux 6.5.0-28-generic
2024/05/07 23:34:30 [notice] 1#1: getrlimit(RLIMIT_NOFILE): 1048576:1048576
2024/05/07 23:34:30 [notice] 1#1: start worker processes
2024/05/07 23:34:30 [notice] 1#1: start worker process 29
2024/05/07 23:34:30 [notice] 1#1: start worker process 30
2024/05/07 23:34:30 [notice] 1#1: start worker process 31
2024/05/07 23:34:30 [notice] 1#1: start worker process 32
2024/05/07 23:34:30 [notice] 1#1: start worker process 33
2024/05/07 23:34:30 [notice] 1#1: start worker process 34
2024/05/07 23:34:30 [notice] 1#1: start worker process 35
2024/05/07 23:34:30 [notice] 1#1: start worker process 36
2024/05/08 00:17:38 [notice] 1#1: signal 3 (SIGQUIT) received, shutting down
2024/05/08 00:17:38 [notice] 29#29: gracefully shutting down
2024/05/08 00:17:38 [notice] 29#29: exiting
2024/05/08 00:17:38 [notice] 29#29: exit
2024/05/08 00:17:38 [notice] 30#30: gracefully shutting down
2024/05/08 00:17:38 [notice] 31#31: gracefully shutting down
2024/05/08 00:17:38 [notice] 30#30: exiting
2024/05/08 00:17:38 [notice] 31#31: exiting
2024/05/08 00:17:38 [notice] 30#30: exit
2024/05/08 00:17:38 [notice] 31#31: exit
2024/05/08 00:17:38 [notice] 32#32: gracefully shutting down
2024/05/08 00:17:38 [notice] 32#32: exiting
2024/05/08 00:17:38 [notice] 32#32: exit
2024/05/08 00:17:38 [notice] 36#36: gracefully shutting down
2024/05/08 00:17:38 [notice] 36#36: exiting
2024/05/08 00:17:38 [notice] 35#35: gracefully shutting down
2024/05/08 00:17:38 [notice] 36#36: exit
2024/05/08 00:17:38 [notice] 35#35: exiting
2024/05/08 00:17:38 [notice] 33#33: gracefully shutting down
2024/05/08 00:17:38 [notice] 34#34: gracefully shutting down
2024/05/08 00:17:38 [notice] 33#33: exiting
2024/05/08 00:17:38 [notice] 34#34: exiting
2024/05/08 00:17:38 [notice] 35#35: exit
2024/05/08 00:17:38 [notice] 34#34: exit
2024/05/08 00:17:38 [notice] 33#33: exit
2024/05/08 00:17:38 [notice] 1#1: signal 17 (SIGCHLD) received from 35
2024/05/08 00:17:38 [notice] 1#1: worker process 29 exited with code 0
2024/05/08 00:17:38 [notice] 1#1: worker process 35 exited with code 0
2024/05/08 00:17:38 [notice] 1#1: signal 29 (SIGIO) received
2024/05/08 00:17:38 [notice] 1#1: signal 17 (SIGCHLD) received from 33
2024/05/08 00:17:38 [notice] 1#1: worker process 33 exited with code 0
2024/05/08 00:17:38 [notice] 1#1: signal 29 (SIGIO) received
2024/05/08 00:17:38 [notice] 1#1: signal 17 (SIGCHLD) received from 36
2024/05/08 00:17:38 [notice] 1#1: worker process 31 exited with code 0
2024/05/08 00:17:38 [notice] 1#1: worker process 32 exited with code 0
2024/05/08 00:17:38 [notice] 1#1: worker process 36 exited with code 0
2024/05/08 00:17:38 [notice] 1#1: signal 29 (SIGIO) received
2024/05/08 00:17:38 [notice] 1#1: signal 17 (SIGCHLD) received from 34
2024/05/08 00:17:38 [notice] 1#1: worker process 30 exited with code 0
2024/05/08 00:17:38 [notice] 1#1: worker process 34 exited with code 0
2024/05/08 00:17:38 [notice] 1#1: exit
2024/05/08 00:17:46 [notice] 1#1: using the "epoll" event method
2024/05/08 00:17:46 [notice] 1#1: nginx/1.26.0
2024/05/08 00:17:46 [notice] 1#1: built by gcc 13.2.1 20231014 (Alpine 13.2.1_git20231014) 
2024/05/08 00:17:46 [notice] 1#1: OS: Linux 6.5.0-28-generic
2024/05/08 00:17:46 [notice] 1#1: getrlimit(RLIMIT_NOFILE): 1048576:1048576
2024/05/08 00:17:46 [notice] 1#1: start worker processes
2024/05/08 00:17:46 [notice] 1#1: start worker process 29
2024/05/08 00:17:46 [notice] 1#1: start worker process 30
2024/05/08 00:17:46 [notice] 1#1: start worker process 31
2024/05/08 00:17:46 [notice] 1#1: start worker process 32
2024/05/08 00:17:46 [notice] 1#1: start worker process 33
2024/05/08 00:17:46 [notice] 1#1: start worker process 34
2024/05/08 00:17:46 [notice] 1#1: start worker process 35
2024/05/08 00:17:46 [notice] 1#1: start worker process 36
2024/05/08 00:18:07 [notice] 1#1: signal 3 (SIGQUIT) received, shutting down
2024/05/08 00:18:07 [notice] 31#31: gracefully shutting down
2024/05/08 00:18:07 [notice] 30#30: gracefully shutting down
2024/05/08 00:18:07 [notice] 31#31: exiting
2024/05/08 00:18:07 [notice] 30#30: exiting
2024/05/08 00:18:07 [notice] 30#30: exit
2024/05/08 00:18:07 [notice] 31#31: exit
2024/05/08 00:18:07 [notice] 29#29: gracefully shutting down
2024/05/08 00:18:07 [notice] 29#29: exiting
2024/05/08 00:18:07 [notice] 29#29: exit
2024/05/08 00:18:07 [notice] 33#33: gracefully shutting down
2024/05/08 00:18:07 [notice] 32#32: gracefully shutting down
2024/05/08 00:18:07 [notice] 34#34: gracefully shutting down
2024/05/08 00:18:07 [notice] 33#33: exiting
2024/05/08 00:18:07 [notice] 32#32: exiting
2024/05/08 00:18:07 [notice] 34#34: exiting
2024/05/08 00:18:07 [notice] 33#33: exit
2024/05/08 00:18:07 [notice] 34#34: exit
2024/05/08 00:18:07 [notice] 32#32: exit
2024/05/08 00:18:07 [notice] 35#35: gracefully shutting down
2024/05/08 00:18:07 [notice] 35#35: exiting
2024/05/08 00:18:07 [notice] 35#35: exit
2024/05/08 00:18:07 [notice] 36#36: gracefully shutting down
2024/05/08 00:18:07 [notice] 36#36: exiting
2024/05/08 00:18:07 [notice] 36#36: exit
2024/05/08 00:18:07 [notice] 1#1: signal 17 (SIGCHLD) received from 34
2024/05/08 00:18:07 [notice] 1#1: worker process 30 exited with code 0
2024/05/08 00:18:07 [notice] 1#1: worker process 34 exited with code 0
2024/05/08 00:18:07 [notice] 1#1: worker process 36 exited with code 0
2024/05/08 00:18:07 [notice] 1#1: signal 29 (SIGIO) received
2024/05/08 00:18:07 [notice] 1#1: signal 17 (SIGCHLD) received from 36
2024/05/08 00:18:07 [notice] 1#1: signal 17 (SIGCHLD) received from 35
2024/05/08 00:18:07 [notice] 1#1: worker process 29 exited with code 0
2024/05/08 00:18:07 [notice] 1#1: worker process 35 exited with code 0
2024/05/08 00:18:07 [notice] 1#1: signal 29 (SIGIO) received
2024/05/08 00:18:07 [notice] 1#1: signal 17 (SIGCHLD) received from 31
2024/05/08 00:18:07 [notice] 1#1: worker process 31 exited with code 0
2024/05/08 00:18:07 [notice] 1#1: worker process 32 exited with code 0
2024/05/08 00:18:07 [notice] 1#1: worker process 33 exited with code 0
2024/05/08 00:18:07 [notice] 1#1: exit
2024/05/08 00:18:29 [notice] 1#1: using the "epoll" event method
2024/05/08 00:18:29 [notice] 1#1: nginx/1.26.0
2024/05/08 00:18:29 [notice] 1#1: built by gcc 13.2.1 20231014 (Alpine 13.2.1_git20231014) 
2024/05/08 00:18:29 [notice] 1#1: OS: Linux 6.5.0-28-generic
2024/05/08 00:18:29 [notice] 1#1: getrlimit(RLIMIT_NOFILE): 1048576:1048576
2024/05/08 00:18:29 [notice] 1#1: start worker processes
2024/05/08 00:18:29 [notice] 1#1: start worker process 29
2024/05/08 00:18:29 [notice] 1#1: start worker process 30
2024/05/08 00:18:29 [notice] 1#1: start worker process 31
2024/05/08 00:18:29 [notice] 1#1: start worker process 32
2024/05/08 00:18:29 [notice] 1#1: start worker process 33
2024/05/08 00:18:29 [notice] 1#1: start worker process 34
2024/05/08 00:18:29 [notice] 1#1: start worker process 35
2024/05/08 00:18:29 [notice] 1#1: start worker process 36
2024/05/08 00:19:51 [notice] 1#1: signal 3 (SIGQUIT) received, shutting down
2024/05/08 00:19:51 [notice] 31#31: gracefully shutting down
2024/05/08 00:19:51 [notice] 29#29: gracefully shutting down
2024/05/08 00:19:51 [notice] 29#29: exiting
2024/05/08 00:19:51 [notice] 31#31: exiting
2024/05/08 00:19:51 [notice] 31#31: exit
2024/05/08 00:19:51 [notice] 29#29: exit
2024/05/08 00:19:51 [notice] 30#30: gracefully shutting down
2024/05/08 00:19:51 [notice] 30#30: exiting
2024/05/08 00:19:51 [notice] 35#35: gracefully shutting down
2024/05/08 00:19:51 [notice] 33#33: gracefully shutting down
2024/05/08 00:19:51 [notice] 36#36: gracefully shutting down
2024/05/08 00:19:51 [notice] 35#35: exiting
2024/05/08 00:19:51 [notice] 33#33: exiting
2024/05/08 00:19:51 [notice] 36#36: exiting
2024/05/08 00:19:51 [notice] 30#30: exit
2024/05/08 00:19:51 [notice] 35#35: exit
2024/05/08 00:19:51 [notice] 33#33: exit
2024/05/08 00:19:51 [notice] 36#36: exit
2024/05/08 00:19:51 [notice] 32#32: gracefully shutting down
2024/05/08 00:19:51 [notice] 32#32: exiting
2024/05/08 00:19:51 [notice] 34#34: gracefully shutting down
2024/05/08 00:19:51 [notice] 34#34: exiting
2024/05/08 00:19:51 [notice] 32#32: exit
2024/05/08 00:19:51 [notice] 34#34: exit
2024/05/08 00:19:51 [notice] 1#1: signal 17 (SIGCHLD) received from 29
2024/05/08 00:19:51 [notice] 1#1: worker process 29 exited with code 0
2024/05/08 00:19:51 [notice] 1#1: worker process 31 exited with code 0
2024/05/08 00:19:51 [notice] 1#1: worker process 32 exited with code 0
2024/05/08 00:19:51 [notice] 1#1: worker process 34 exited with code 0
2024/05/08 00:19:51 [notice] 1#1: signal 29 (SIGIO) received
2024/05/08 00:19:51 [notice] 1#1: signal 17 (SIGCHLD) received from 34
2024/05/08 00:19:51 [notice] 1#1: signal 17 (SIGCHLD) received from 33
2024/05/08 00:19:51 [notice] 1#1: worker process 33 exited with code 0
2024/05/08 00:19:51 [notice] 1#1: worker process 30 exited with code 0
2024/05/08 00:19:51 [notice] 1#1: worker process 36 exited with code 0
2024/05/08 00:19:51 [notice] 1#1: signal 29 (SIGIO) received
2024/05/08 00:19:51 [notice] 1#1: signal 17 (SIGCHLD) received from 36
2024/05/08 00:19:51 [notice] 1#1: signal 17 (SIGCHLD) received from 35
2024/05/08 00:19:51 [notice] 1#1: worker process 35 exited with code 0
2024/05/08 00:19:51 [notice] 1#1: exit
2024/05/08 00:20:02 [notice] 1#1: using the "epoll" event method
2024/05/08 00:20:02 [notice] 1#1: nginx/1.26.0
2024/05/08 00:20:02 [notice] 1#1: built by gcc 13.2.1 20231014 (Alpine 13.2.1_git20231014) 
2024/05/08 00:20:02 [notice] 1#1: OS: Linux 6.5.0-28-generic
2024/05/08 00:20:02 [notice] 1#1: getrlimit(RLIMIT_NOFILE): 1048576:1048576
2024/05/08 00:20:02 [notice] 1#1: start worker processes
2024/05/08 00:20:02 [notice] 1#1: start worker process 29
2024/05/08 00:20:02 [notice] 1#1: start worker process 30
2024/05/08 00:20:02 [notice] 1#1: start worker process 31
2024/05/08 00:20:02 [notice] 1#1: start worker process 32
2024/05/08 00:20:02 [notice] 1#1: start worker process 33
2024/05/08 00:20:02 [notice] 1#1: start worker process 34
2024/05/08 00:20:02 [notice] 1#1: start worker process 35
2024/05/08 00:20:02 [notice] 1#1: start worker process 36
2024/05/08 00:20:47 [notice] 1#1: signal 3 (SIGQUIT) received, shutting down
2024/05/08 00:20:47 [notice] 29#29: gracefully shutting down
2024/05/08 00:20:47 [notice] 33#33: gracefully shutting down
2024/05/08 00:20:47 [notice] 29#29: exiting
2024/05/08 00:20:47 [notice] 35#35: gracefully shutting down
2024/05/08 00:20:47 [notice] 36#36: gracefully shutting down
2024/05/08 00:20:47 [notice] 33#33: exiting
2024/05/08 00:20:47 [notice] 35#35: exiting
2024/05/08 00:20:47 [notice] 36#36: exiting
2024/05/08 00:20:47 [notice] 34#34: gracefully shutting down
2024/05/08 00:20:47 [notice] 34#34: exiting
2024/05/08 00:20:47 [notice] 33#33: exit
2024/05/08 00:20:47 [notice] 29#29: exit
2024/05/08 00:20:47 [notice] 35#35: exit
2024/05/08 00:20:47 [notice] 36#36: exit
2024/05/08 00:20:47 [notice] 34#34: exit
2024/05/08 00:20:47 [notice] 31#31: gracefully shutting down
2024/05/08 00:20:47 [notice] 31#31: exiting
2024/05/08 00:20:47 [notice] 31#31: exit
2024/05/08 00:20:47 [notice] 32#32: gracefully shutting down
2024/05/08 00:20:47 [notice] 32#32: exiting
2024/05/08 00:20:47 [notice] 30#30: gracefully shutting down
2024/05/08 00:20:47 [notice] 30#30: exiting
2024/05/08 00:20:47 [notice] 32#32: exit
2024/05/08 00:20:47 [notice] 30#30: exit
2024/05/08 00:20:47 [notice] 1#1: signal 17 (SIGCHLD) received from 36
2024/05/08 00:20:47 [notice] 1#1: worker process 36 exited with code 0
2024/05/08 00:20:47 [notice] 1#1: worker process 30 exited with code 0
2024/05/08 00:20:47 [notice] 1#1: worker process 33 exited with code 0
2024/05/08 00:20:47 [notice] 1#1: signal 29 (SIGIO) received
2024/05/08 00:20:47 [notice] 1#1: signal 17 (SIGCHLD) received from 33
2024/05/08 00:20:47 [notice] 1#1: signal 17 (SIGCHLD) received from 35
2024/05/08 00:20:47 [notice] 1#1: worker process 35 exited with code 0
2024/05/08 00:20:47 [notice] 1#1: signal 29 (SIGIO) received
2024/05/08 00:20:47 [notice] 1#1: signal 17 (SIGCHLD) received from 29
2024/05/08 00:20:47 [notice] 1#1: worker process 29 exited with code 0
2024/05/08 00:20:47 [notice] 1#1: signal 29 (SIGIO) received
2024/05/08 00:20:47 [notice] 1#1: signal 17 (SIGCHLD) received from 31
2024/05/08 00:20:47 [notice] 1#1: worker process 31 exited with code 0
2024/05/08 00:20:47 [notice] 1#1: signal 29 (SIGIO) received
2024/05/08 00:20:47 [notice] 1#1: signal 17 (SIGCHLD) received from 32
2024/05/08 00:20:47 [notice] 1#1: worker process 32 exited with code 0
2024/05/08 00:20:47 [notice] 1#1: signal 29 (SIGIO) received
2024/05/08 00:20:47 [notice] 1#1: signal 17 (SIGCHLD) received from 34
2024/05/08 00:20:47 [notice] 1#1: worker process 34 exited with code 0
2024/05/08 00:20:47 [notice] 1#1: exit
2024/05/08 00:20:51 [notice] 1#1: using the "epoll" event method
2024/05/08 00:20:51 [notice] 1#1: nginx/1.26.0
2024/05/08 00:20:51 [notice] 1#1: built by gcc 13.2.1 20231014 (Alpine 13.2.1_git20231014) 
2024/05/08 00:20:51 [notice] 1#1: OS: Linux 6.5.0-28-generic
2024/05/08 00:20:51 [notice] 1#1: getrlimit(RLIMIT_NOFILE): 1048576:1048576
2024/05/08 00:20:51 [notice] 1#1: start worker processes
2024/05/08 00:20:51 [notice] 1#1: start worker process 29
2024/05/08 00:20:51 [notice] 1#1: start worker process 30
2024/05/08 00:20:51 [notice] 1#1: start worker process 31
2024/05/08 00:20:51 [notice] 1#1: start worker process 32
2024/05/08 00:20:51 [notice] 1#1: start worker process 33
2024/05/08 00:20:51 [notice] 1#1: start worker process 34
2024/05/08 00:20:51 [notice] 1#1: start worker process 35
2024/05/08 00:20:51 [notice] 1#1: start worker process 36
2024/05/08 00:21:15 [notice] 1#1: signal 3 (SIGQUIT) received, shutting down
2024/05/08 00:21:15 [notice] 30#30: gracefully shutting down
2024/05/08 00:21:15 [notice] 32#32: gracefully shutting down
2024/05/08 00:21:15 [notice] 29#29: gracefully shutting down
2024/05/08 00:21:15 [notice] 30#30: exiting
2024/05/08 00:21:15 [notice] 32#32: exiting
2024/05/08 00:21:15 [notice] 29#29: exiting
2024/05/08 00:21:15 [notice] 30#30: exit
2024/05/08 00:21:15 [notice] 32#32: exit
2024/05/08 00:21:15 [notice] 29#29: exit
2024/05/08 00:21:15 [notice] 33#33: gracefully shutting down
2024/05/08 00:21:15 [notice] 33#33: exiting
2024/05/08 00:21:15 [notice] 31#31: gracefully shutting down
2024/05/08 00:21:15 [notice] 31#31: exiting
2024/05/08 00:21:15 [notice] 33#33: exit
2024/05/08 00:21:15 [notice] 31#31: exit
2024/05/08 00:21:15 [notice] 35#35: gracefully shutting down
2024/05/08 00:21:15 [notice] 34#34: gracefully shutting down
2024/05/08 00:21:15 [notice] 35#35: exiting
2024/05/08 00:21:15 [notice] 34#34: exiting
2024/05/08 00:21:15 [notice] 36#36: gracefully shutting down
2024/05/08 00:21:15 [notice] 36#36: exiting
2024/05/08 00:21:15 [notice] 35#35: exit
2024/05/08 00:21:15 [notice] 34#34: exit
2024/05/08 00:21:15 [notice] 36#36: exit
2024/05/08 00:21:15 [notice] 1#1: signal 17 (SIGCHLD) received from 33
2024/05/08 00:21:15 [notice] 1#1: worker process 29 exited with code 0
2024/05/08 00:21:15 [notice] 1#1: worker process 32 exited with code 0
2024/05/08 00:21:15 [notice] 1#1: worker process 33 exited with code 0
2024/05/08 00:21:15 [notice] 1#1: signal 29 (SIGIO) received
2024/05/08 00:21:15 [notice] 1#1: signal 17 (SIGCHLD) received from 29
2024/05/08 00:21:15 [notice] 1#1: signal 17 (SIGCHLD) received from 34
2024/05/08 00:21:15 [notice] 1#1: worker process 30 exited with code 0
2024/05/08 00:21:15 [notice] 1#1: worker process 31 exited with code 0
2024/05/08 00:21:15 [notice] 1#1: worker process 34 exited with code 0
2024/05/08 00:21:15 [notice] 1#1: signal 29 (SIGIO) received
2024/05/08 00:21:15 [notice] 1#1: signal 17 (SIGCHLD) received from 31
2024/05/08 00:21:15 [notice] 1#1: signal 17 (SIGCHLD) received from 35
2024/05/08 00:21:15 [notice] 1#1: worker process 35 exited with code 0
2024/05/08 00:21:15 [notice] 1#1: signal 29 (SIGIO) received
2024/05/08 00:21:15 [notice] 1#1: signal 17 (SIGCHLD) received from 36
2024/05/08 00:21:15 [notice] 1#1: worker process 36 exited with code 0
2024/05/08 00:21:15 [notice] 1#1: exit
2024/05/08 00:21:19 [notice] 1#1: using the "epoll" event method
2024/05/08 00:21:19 [notice] 1#1: nginx/1.26.0
2024/05/08 00:21:19 [notice] 1#1: built by gcc 13.2.1 20231014 (Alpine 13.2.1_git20231014) 
2024/05/08 00:21:19 [notice] 1#1: OS: Linux 6.5.0-28-generic
2024/05/08 00:21:19 [notice] 1#1: getrlimit(RLIMIT_NOFILE): 1048576:1048576
2024/05/08 00:21:19 [notice] 1#1: start worker processes
2024/05/08 00:21:19 [notice] 1#1: start worker process 29
2024/05/08 00:21:19 [notice] 1#1: start worker process 30
2024/05/08 00:21:19 [notice] 1#1: start worker process 31
2024/05/08 00:21:19 [notice] 1#1: start worker process 32
2024/05/08 00:21:19 [notice] 1#1: start worker process 33
2024/05/08 00:21:19 [notice] 1#1: start worker process 34
2024/05/08 00:21:19 [notice] 1#1: start worker process 35
2024/05/08 00:21:19 [notice] 1#1: start worker process 36
